This is XeTeX, Version 3.14159265-2.6-0.999991 (TeX Live 2019/Alpine Linux) (preloaded format=xelatex 2019.12.5)  7 DEC 2019 01:18
entering extended mode
 restricted \write18 enabled.
 %&-line parsing enabled.
**report.tex
(./report.tex
LaTeX2e <2018-12-01>
(/usr/share/texmf-dist/tex/latex/base/article.cls
Document Class: article 2018/09/03 v1.4i Standard LaTeX document class
(/usr/share/texmf-dist/tex/latex/base/size10.clo
File: size10.clo 2018/09/03 v1.4i Standard LaTeX file (size option)
)
\c@part=\count80
\c@section=\count81
\c@subsection=\count82
\c@subsubsection=\count83
\c@paragraph=\count84
\c@subparagraph=\count85
\c@figure=\count86
\c@table=\count87
\abovecaptionskip=\skip41
\belowcaptionskip=\skip42
\bibindent=\dimen102
)
No file report.aux.
\openout1 = `report.aux'.

LaTeX Font Info:    Checking defaults for OML/cmm/m/it on input line 5.
LaTeX Font Info:    ... okay on input line 5.
LaTeX Font Info:    Checking defaults for T1/cmr/m/n on input line 5.
LaTeX Font Info:    ... okay on input line 5.
LaTeX Font Info:    Checking defaults for OT1/cmr/m/n on input line 5.
LaTeX Font Info:    ... okay on input line 5.
LaTeX Font Info:    Checking defaults for OMS/cmsy/m/n on input line 5.
LaTeX Font Info:    ... okay on input line 5.
LaTeX Font Info:    Checking defaults for TU/lmr/m/n on input line 5.
LaTeX Font Info:    ... okay on input line 5.
LaTeX Font Info:    Checking defaults for OMX/cmex/m/n on input line 5.
LaTeX Font Info:    ... okay on input line 5.
LaTeX Font Info:    Checking defaults for U/cmr/m/n on input line 5.
LaTeX Font Info:    ... okay on input line 5.
LaTeX Font Info:    External font `cmex10' loaded for size
(Font)              <12> on input line 9.
LaTeX Font Info:    External font `cmex10' loaded for size
(Font)              <8> on input line 9.
LaTeX Font Info:    External font `cmex10' loaded for size
(Font)              <6> on input line 9.
Missing character: There is no は in font [lmroman12-bold]:mapping=tex-text;!
Missing character: There is no じ in font [lmroman12-bold]:mapping=tex-text;!
Missing character: There is no め in font [lmroman12-bold]:mapping=tex-text;!
Missing character: There is no に in font [lmroman12-bold]:mapping=tex-text;!
Missing character: There is no こ in font [lmroman10-regular]:mapping=tex-text;!
Missing character: There is no れ in font [lmroman10-regular]:mapping=tex-text;!
Missing character: There is no は in font [lmroman10-regular]:mapping=tex-text;!
Missing character: There is no の in font [lmroman10-regular]:mapping=tex-text;!
Missing character: There is no 記 in font [lmroman10-regular]:mapping=tex-text;!
Missing character: There is no 述 in font [lmroman10-regular]:mapping=tex-text;!
Missing character: There is no テ in font [lmroman10-regular]:mapping=tex-text;!
Missing character: There is no ス in font [lmroman10-regular]:mapping=tex-text;!
Missing character: There is no ト in font [lmroman10-regular]:mapping=tex-text;!
Missing character: There is no で in font [lmroman10-regular]:mapping=tex-text;!
Missing character: There is no す in font [lmroman10-regular]:mapping=tex-text;!
Missing character: There is no 。 in font [lmroman10-regular]:mapping=tex-text;!
LaTeX Font Info:    External font `cmex10' loaded for size
(Font)              <7> on input line 14.
LaTeX Font Info:    External font `cmex10' loaded for size
(Font)              <5> on input line 14.
[1

] (./report.aux) ) 
Here is how much of TeX's memory you used:
 234 strings out of 492922
 2628 string characters out of 6138840
 65272 words of memory out of 5000000
 4354 multiletter control sequences out of 15000+600000
 6416 words of font info for 28 fonts, out of 8000000 for 9000
 1348 hyphenation exceptions out of 8191
 22i,6n,18p,124b,187s stack positions out of 5000i,500n,10000p,200000b,80000s

Output written on report.pdf (1 page).
